Detecting C compiler ABI info failed to compile with the following output:
Change Dir: C:/dev/vulkan-playground/CMakeFiles/CMakeTmp

Run Build Command(s):C:/dev/ninja/build/Release/ninja.exe cmTC_870a9 && [1/2] Building C object CMakeFiles/cmTC_870a9.dir/Debug/CMakeCCompilerABI.c.obj
FAILED: CMakeFiles/cmTC_870a9.dir/Debug/CMakeCCompilerABI.c.obj 
C:\msys64\usr\bin\gcc.exe -DCMAKE_INTDIR=\"Debug\"  -g   -v -o CMakeFiles/cmTC_870a9.dir/Debug/CMakeCCompilerABI.c.obj -c "C:/Program Files/CMake/share/cmake-3.20/Modules/CMakeCCompilerABI.c"
gcc: error: Files/CMake/share/cmake-3.20/Modules/CMakeCCompilerABI.c: No such file or directory
gcc: fatal error: no input files
compilation terminated.
ninja: build stopped: subcommand failed.




Determining if the C compiler works failed with the following output:
Change Dir: C:/dev/vulkan-playground/CMakeFiles/CMakeTmp

Run Build Command(s):C:/dev/ninja/build/Release/ninja.exe cmTC_8dccc && [1/2] Building C object CMakeFiles/cmTC_8dccc.dir/Debug/testCCompiler.c.obj
FAILED: CMakeFiles/cmTC_8dccc.dir/Debug/testCCompiler.c.obj 
C:\msys64\usr\bin\gcc.exe -DCMAKE_INTDIR=\"Debug\"  -g -o CMakeFiles/cmTC_8dccc.dir/Debug/testCCompiler.c.obj -c testCCompiler.c
gcc: fatal error: no input files
compilation terminated.
ninja: build stopped: subcommand failed.



Detecting C compiler ABI info failed to compile with the following output:
Change Dir: C:/dev/vulkan-playground/CMakeFiles/CMakeTmp

Run Build Command(s):C:/dev/ninja/build/Release/ninja.exe cmTC_361b0 && [1/2] Building C object CMakeFiles/cmTC_361b0.dir/Debug/CMakeCCompilerABI.c.obj
FAILED: CMakeFiles/cmTC_361b0.dir/Debug/CMakeCCompilerABI.c.obj 
C:\msys64\usr\bin\gcc.exe -DCMAKE_INTDIR=\"Debug\"  -g   -v -o CMakeFiles/cmTC_361b0.dir/Debug/CMakeCCompilerABI.c.obj -c "C:/Program Files/CMake/share/cmake-3.20/Modules/CMakeCCompilerABI.c"
gcc: error: Files/CMake/share/cmake-3.20/Modules/CMakeCCompilerABI.c: No such file or directory
gcc: fatal error: no input files
compilation terminated.
ninja: build stopped: subcommand failed.




Determining if the C compiler works failed with the following output:
Change Dir: C:/dev/vulkan-playground/CMakeFiles/CMakeTmp

Run Build Command(s):C:/dev/ninja/build/Release/ninja.exe cmTC_fc93d && [1/2] Building C object CMakeFiles/cmTC_fc93d.dir/Debug/testCCompiler.c.obj
FAILED: CMakeFiles/cmTC_fc93d.dir/Debug/testCCompiler.c.obj 
C:\msys64\usr\bin\gcc.exe -DCMAKE_INTDIR=\"Debug\"  -g -o CMakeFiles/cmTC_fc93d.dir/Debug/testCCompiler.c.obj -c testCCompiler.c
gcc: fatal error: no input files
compilation terminated.
ninja: build stopped: subcommand failed.



Detecting C compiler ABI info failed to compile with the following output:
Change Dir: C:/dev/vulkan-playground/CMakeFiles/CMakeTmp

Run Build Command(s):C:/dev/ninja/build/Release/ninja.exe cmTC_56c0c && [1/2] Building C object CMakeFiles/cmTC_56c0c.dir/Debug/CMakeCCompilerABI.c.obj
FAILED: CMakeFiles/cmTC_56c0c.dir/Debug/CMakeCCompilerABI.c.obj 
C:\msys64\usr\bin\gcc.exe -DCMAKE_INTDIR=\"Debug\"  -g   -v -o CMakeFiles/cmTC_56c0c.dir/Debug/CMakeCCompilerABI.c.obj -c "C:/Program Files/CMake/share/cmake-3.20/Modules/CMakeCCompilerABI.c"
gcc: error: Files/CMake/share/cmake-3.20/Modules/CMakeCCompilerABI.c: No such file or directory
gcc: fatal error: no input files
compilation terminated.
ninja: build stopped: subcommand failed.




Determining if the C compiler works failed with the following output:
Change Dir: C:/dev/vulkan-playground/CMakeFiles/CMakeTmp

Run Build Command(s):C:/dev/ninja/build/Release/ninja.exe cmTC_55b84 && [1/2] Building C object CMakeFiles/cmTC_55b84.dir/Debug/testCCompiler.c.obj
FAILED: CMakeFiles/cmTC_55b84.dir/Debug/testCCompiler.c.obj 
C:\msys64\usr\bin\gcc.exe -DCMAKE_INTDIR=\"Debug\"  -g -o CMakeFiles/cmTC_55b84.dir/Debug/testCCompiler.c.obj -c testCCompiler.c
gcc: fatal error: no input files
compilation terminated.
ninja: build stopped: subcommand failed.



Detecting C compiler ABI info failed to compile with the following output:
Change Dir: C:/dev/vulkan-playground/CMakeFiles/CMakeTmp

Run Build Command(s):C:/dev/ninja/build/Release/ninja.exe cmTC_112bb && [1/2] Building C object CMakeFiles/cmTC_112bb.dir/Debug/CMakeCCompilerABI.c.obj
FAILED: CMakeFiles/cmTC_112bb.dir/Debug/CMakeCCompilerABI.c.obj 
C:\msys64\usr\bin\gcc.exe -DCMAKE_INTDIR=\"Debug\"  -g   -v -o CMakeFiles/cmTC_112bb.dir/Debug/CMakeCCompilerABI.c.obj -c "C:/Program Files/CMake/share/cmake-3.20/Modules/CMakeCCompilerABI.c"
gcc: error: Files/CMake/share/cmake-3.20/Modules/CMakeCCompilerABI.c: No such file or directory
gcc: fatal error: no input files
compilation terminated.
ninja: build stopped: subcommand failed.




Determining if the C compiler works failed with the following output:
Change Dir: C:/dev/vulkan-playground/CMakeFiles/CMakeTmp

Run Build Command(s):C:/dev/ninja/build/Release/ninja.exe cmTC_1696a && [1/2] Building C object CMakeFiles/cmTC_1696a.dir/Debug/testCCompiler.c.obj
FAILED: CMakeFiles/cmTC_1696a.dir/Debug/testCCompiler.c.obj 
C:\msys64\usr\bin\gcc.exe -DCMAKE_INTDIR=\"Debug\"  -g -o CMakeFiles/cmTC_1696a.dir/Debug/testCCompiler.c.obj -c testCCompiler.c
gcc: fatal error: no input files
compilation terminated.
ninja: build stopped: subcommand failed.



Detecting C compiler ABI info failed to compile with the following output:
Change Dir: C:/dev/vulkan-playground/CMakeFiles/CMakeTmp

Run Build Command(s):C:/dev/ninja/build/Release/ninja.exe cmTC_a47f9 && [1/2] Building C object CMakeFiles/cmTC_a47f9.dir/Debug/CMakeCCompilerABI.c.obj
FAILED: CMakeFiles/cmTC_a47f9.dir/Debug/CMakeCCompilerABI.c.obj 
C:\msys64\usr\bin\gcc.exe -DCMAKE_INTDIR=\"Debug\"  -g   -v -o CMakeFiles/cmTC_a47f9.dir/Debug/CMakeCCompilerABI.c.obj -c "C:/Program Files/CMake/share/cmake-3.20/Modules/CMakeCCompilerABI.c"
gcc: error: Files/CMake/share/cmake-3.20/Modules/CMakeCCompilerABI.c: No such file or directory
gcc: fatal error: no input files
compilation terminated.
ninja: build stopped: subcommand failed.




Determining if the C compiler works failed with the following output:
Change Dir: C:/dev/vulkan-playground/CMakeFiles/CMakeTmp

Run Build Command(s):C:/dev/ninja/build/Release/ninja.exe cmTC_aa640 && [1/2] Building C object CMakeFiles/cmTC_aa640.dir/Debug/testCCompiler.c.obj
FAILED: CMakeFiles/cmTC_aa640.dir/Debug/testCCompiler.c.obj 
C:\msys64\usr\bin\gcc.exe -DCMAKE_INTDIR=\"Debug\"  -g -o CMakeFiles/cmTC_aa640.dir/Debug/testCCompiler.c.obj -c testCCompiler.c
gcc: fatal error: no input files
compilation terminated.
ninja: build stopped: subcommand failed.



Detecting C compiler ABI info failed to compile with the following output:
Change Dir: C:/dev/vulkan-playground/CMakeFiles/CMakeTmp

Run Build Command(s):C:/dev/ninja/build/Release/ninja.exe cmTC_34bd3 && [1/2] Building C object CMakeFiles/cmTC_34bd3.dir/Debug/CMakeCCompilerABI.c.obj
FAILED: CMakeFiles/cmTC_34bd3.dir/Debug/CMakeCCompilerABI.c.obj 
C:\msys64\usr\bin\gcc.exe -DCMAKE_INTDIR=\"Debug\"  -g   -v -o CMakeFiles/cmTC_34bd3.dir/Debug/CMakeCCompilerABI.c.obj -c "C:/Program Files/CMake/share/cmake-3.20/Modules/CMakeCCompilerABI.c"
gcc: error: Files/CMake/share/cmake-3.20/Modules/CMakeCCompilerABI.c: No such file or directory
gcc: fatal error: no input files
compilation terminated.
ninja: build stopped: subcommand failed.




Determining if the C compiler works failed with the following output:
Change Dir: C:/dev/vulkan-playground/CMakeFiles/CMakeTmp

Run Build Command(s):C:/dev/ninja/build/Release/ninja.exe cmTC_45513 && [1/2] Building C object CMakeFiles/cmTC_45513.dir/Debug/testCCompiler.c.obj
FAILED: CMakeFiles/cmTC_45513.dir/Debug/testCCompiler.c.obj 
C:\msys64\usr\bin\gcc.exe -DCMAKE_INTDIR=\"Debug\"  -g -o CMakeFiles/cmTC_45513.dir/Debug/testCCompiler.c.obj -c testCCompiler.c
gcc: fatal error: no input files
compilation terminated.
ninja: build stopped: subcommand failed.



Detecting C compiler ABI info failed to compile with the following output:
Change Dir: C:/dev/vulkan-playground/CMakeFiles/CMakeTmp

Run Build Command(s):C:/dev/ninja/build/Release/ninja.exe cmTC_58160 && [1/2] Building C object CMakeFiles/cmTC_58160.dir/Debug/CMakeCCompilerABI.c.obj
FAILED: CMakeFiles/cmTC_58160.dir/Debug/CMakeCCompilerABI.c.obj 
C:\msys64\usr\bin\gcc.exe -DCMAKE_INTDIR=\"Debug\"  -g   -v -o CMakeFiles/cmTC_58160.dir/Debug/CMakeCCompilerABI.c.obj -c "C:/Program Files/CMake/share/cmake-3.20/Modules/CMakeCCompilerABI.c"
gcc: error: Files/CMake/share/cmake-3.20/Modules/CMakeCCompilerABI.c: No such file or directory
gcc: fatal error: no input files
compilation terminated.
ninja: build stopped: subcommand failed.




Determining if the C compiler works failed with the following output:
Change Dir: C:/dev/vulkan-playground/CMakeFiles/CMakeTmp

Run Build Command(s):C:/dev/ninja/build/Release/ninja.exe cmTC_1d70a && [1/2] Building C object CMakeFiles/cmTC_1d70a.dir/Debug/testCCompiler.c.obj
FAILED: CMakeFiles/cmTC_1d70a.dir/Debug/testCCompiler.c.obj 
C:\msys64\usr\bin\gcc.exe -DCMAKE_INTDIR=\"Debug\"  -g -o CMakeFiles/cmTC_1d70a.dir/Debug/testCCompiler.c.obj -c testCCompiler.c
gcc: fatal error: no input files
compilation terminated.
ninja: build stopped: subcommand failed.



Determining if the include file pthread.h exists failed with the following output:
Change Dir: C:/dev/vulkan-playground/CMakeFiles/CMakeTmp

Run Build Command(s):C:/dev/ninja/build/Release/ninja.exe cmTC_18424 && [1/2] Building C object CMakeFiles/cmTC_18424.dir/Debug/CheckIncludeFile.c.obj
FAILED: CMakeFiles/cmTC_18424.dir/Debug/CheckIncludeFile.c.obj 
C:\PROGRA~1\LLVM\bin\clang.exe -DCMAKE_INTDIR=\"Debug\"  -g -Xclang -gcodeview -O0 -D_DEBUG -D_DLL -D_MT -Xclang --dependent-lib=msvcrtd -MMD -MT CMakeFiles/cmTC_18424.dir/Debug/CheckIncludeFile.c.obj -MF CMakeFiles\cmTC_18424.dir\Debug\CheckIncludeFile.c.obj.d -o CMakeFiles/cmTC_18424.dir/Debug/CheckIncludeFile.c.obj -c CheckIncludeFile.c
CheckIncludeFile.c:1:10: fatal error: 'pthread.h' file not found
#include <pthread.h>
         ^~~~~~~~~~~
1 error generated.
ninja: build stopped: subcommand failed.



Detecting C compiler ABI info failed to compile with the following output:
Change Dir: C:/dev/vulkan-playground/CMakeFiles/CMakeTmp

Run Build Command(s):C:/dev/ninja/build/Release/ninja.exe cmTC_e9aa6 && [1/2] Building C object CMakeFiles/cmTC_e9aa6.dir/Debug/CMakeCCompilerABI.c.obj
FAILED: CMakeFiles/cmTC_e9aa6.dir/Debug/CMakeCCompilerABI.c.obj 
C:\msys64\usr\bin\gcc.exe -DCMAKE_INTDIR=\"Debug\"  -g   -v -o CMakeFiles/cmTC_e9aa6.dir/Debug/CMakeCCompilerABI.c.obj -c "C:/Program Files/CMake/share/cmake-3.20/Modules/CMakeCCompilerABI.c"
gcc: error: Files/CMake/share/cmake-3.20/Modules/CMakeCCompilerABI.c: No such file or directory
gcc: fatal error: no input files
compilation terminated.
ninja: build stopped: subcommand failed.




Determining if the C compiler works failed with the following output:
Change Dir: C:/dev/vulkan-playground/CMakeFiles/CMakeTmp

Run Build Command(s):C:/dev/ninja/build/Release/ninja.exe cmTC_9c7a9 && [1/2] Building C object CMakeFiles/cmTC_9c7a9.dir/Debug/testCCompiler.c.obj
FAILED: CMakeFiles/cmTC_9c7a9.dir/Debug/testCCompiler.c.obj 
C:\msys64\usr\bin\gcc.exe -DCMAKE_INTDIR=\"Debug\"  -g -o CMakeFiles/cmTC_9c7a9.dir/Debug/testCCompiler.c.obj -c testCCompiler.c
gcc: fatal error: no input files
compilation terminated.
ninja: build stopped: subcommand failed.



